<?xml version="1.0" encoding="UTF-8"?>
<robot generator="Robot 7.4.1 (Python 3.14.2 on win32)" generated="2026-02-03T10:13:58.341942" rpa="false" schemaversion="5">
<suite id="s1" name="Api Testcases" source="C:\Users\Kirti.Deng\Desktop\RobotFramework_Practice\API Testing\TestCases\api_testcases.robot">
<test id="s1-t1" name="Test For API Testing" line="17">
<kw name="Create Session" owner="RequestsLibrary" type="SETUP">
<msg time="2026-02-03T10:13:58.782053" level="INFO">Creating Session using : alias=mysession, url=https://jsonplaceholder.typicode.com/, headers={},                     cookies={}, auth=None, timeout=None, proxies=None, verify=True,                     debug=0 </msg>
<arg>mysession</arg>
<arg>${base_url}</arg>
<arg>verify=true</arg>
<doc>Create Session: create a HTTP session to a server</doc>
<status status="PASS" start="2026-02-03T10:13:58.781691" elapsed="0.000606"/>
</kw>
<kw name="Create Dictionary" owner="BuiltIn">
<msg time="2026-02-03T10:13:58.783210" level="INFO">&amp;{body} = { id=12 | name=Test User1 | username=TestU1 | email=testuser1@gmail.com }</msg>
<var>&amp;{body}</var>
<arg>id=12</arg>
<arg>name=Test User1</arg>
<arg>username=TestU1</arg>
<arg>email=testuser1@gmail.com</arg>
<doc>Creates and returns a dictionary based on the given ``items``.</doc>
<status status="PASS" start="2026-02-03T10:13:58.782735" elapsed="0.000507"/>
</kw>
<kw name="Create Dictionary" owner="BuiltIn">
<msg time="2026-02-03T10:13:58.783894" level="INFO">&amp;{existing_user_body} = { id=9 | name=Glenna Reichert | username=Delphine | email=Chaim_McDermott@dana.io }</msg>
<var>&amp;{existing_user_body}</var>
<arg>id=9</arg>
<arg>name=Glenna Reichert</arg>
<arg>username=Delphine</arg>
<arg>email=Chaim_McDermott@dana.io</arg>
<doc>Creates and returns a dictionary based on the given ``items``.</doc>
<status status="PASS" start="2026-02-03T10:13:58.783584" elapsed="0.000335"/>
</kw>
<kw name="Get Users And Verify Status Code" owner="api_testing_keywords">
<kw name="GET On Session" owner="RequestsLibrary">
<msg time="2026-02-03T10:13:59.250470" level="INFO">GET Request : url=https://jsonplaceholder.typicode.com/users 
 path_url=/users 
 headers={'User-Agent': 'python-requests/2.32.5', 'Accept-Encoding': 'gzip, deflate, zstd', 'Accept': '*/*', 'Connection': 'keep-alive'} 
 body=None 
 </msg>
<msg time="2026-02-03T10:13:59.250811" level="INFO">GET Response : url=https://jsonplaceholder.typicode.com/users 
 status=200, reason=OK 
 headers={'Date': 'Tue, 03 Feb 2026 04:43:55 GMT', 'Content-Type': 'application/json; charset=utf-8', 'Content-Length': '1847', 'Connection': 'keep-alive', 'access-control-allow-credentials': 'true', 'Cache-Control': 'max-age=43200', 'Content-Encoding': 'gzip', 'etag': 'W/"160d-1eMSsxeJRfnVLRBmYJSbCiJZ1qQ"', 'expires': '-1', 'nel': '{"report_to":"heroku-nel","response_headers":["Via"],"max_age":3600,"success_fraction":0.01,"failure_fraction":0.1}', 'pragma': 'no-cache', 'report-to': '{"group":"heroku-nel","endpoints":[{"url":"https://nel.heroku.com/reports?s=nZhVoyypA48y5%2FAbO7Xs3zB0bF7iL4sfOiMaa6sQUvA%3D\\u0026sid=e11707d5-02a7-43ef-b45e-2cf4d2036f7d\\u0026ts=1763569631"}],"max_age":3600}', 'reporting-endpoints': 'heroku-nel="https://nel.heroku.com/reports?s=nZhVoyypA48y5%2FAbO7Xs3zB0bF7iL4sfOiMaa6sQUvA%3D&amp;sid=e11707d5-02a7-43ef-b45e-2cf4d2036f7d&amp;ts=1763569631"', 'Server': 'cloudflare', 'vary': 'Origin, Accept-Encoding', 'via': '2.0 heroku-router', 'x-content-type-options': 'nosniff', 'x-powered-by': 'Express', 'x-ratelimit-limit': '1000', 'x-ratelimit-remaining': '999', 'x-ratelimit-reset': '1763569633', 'Age': '24114', 'Accept-Ranges': 'bytes', 'cf-cache-status': 'HIT', 'CF-RAY': '9c7f45265821fdfd-SIN', 'alt-svc': 'h3=":443"; ma=86400'} 
 body=[
  {
    "id": 1,
    "name": "Leanne Graham",
    "username": "Bret",
    "email": "Sincere@april.biz",
    "address": {
      "street": "Kulas Light",
      "suite": "Apt. 556",
      "city": "Gwenborough",
      "zipcode": "92998-3874",
      "geo": {
        "lat": "-37.3159",
        "lng": "81.1496"
      }
    },
    "phone": "1-770-736-8031 x56442",
    "website": "hildegard.org",
    "company": {
      "name": "Romaguera-Crona",
      "catchPhrase": "Multi-layered client-server neural-net",
      "bs": "harness real-time e-markets"
    }
  },
  {
    "id": 2,
    "name": "Ervin Howell",
    "username": "Antonette",
    "email": "Shanna@melissa.tv",
    "address": {
      "street": "Victor Plains",
      "suite": "Suite 879",
      "city": "Wisokyburgh",
      "zipcode": "90566-7771",
      "geo": {
        "lat": "-43.9509",
        "lng": "-34.4618"
      }
    },
    "phone": "010-692-6593 x09125",
    "website": "anastasia.net",
    "company": {
      "name": "Deckow-Crist",
      "catchPhrase": "Proactive didactic contingency",
      "bs": "synergize scalable supply-chains"
    }
  },
  {
    "id": 3,
    "name": "Clementine Bauch",
    "username": "Samantha",
    "email": "Nathan@yesenia.net",
    "address": {
      "street": "Douglas Extension",
      "suite": "Suite 847",
      "city": "McKenziehaven",
      "zipcode": "59590-4157",
      "geo": {
        "lat": "-68.6102",
        "lng": "-47.0653"
      }
    },
    "phone": "1-463-123-4447",
    "website": "ramiro.info",
    "company": {
      "name": "Romaguera-Jacobson",
      "catchPhrase": "Face to face bifurcated interface",
      "bs": "e-enable strategic applications"
    }
  },
  {
    "id": 4,
    "name": "Patricia Lebsack",
    "username": "Karianne",
    "email": "Julianne.OConner@kory.org",
    "address": {
      "street": "Hoeger Mall",
      "suite": "Apt. 692",
      "city": "South Elvis",
      "zipcode": "53919-4257",
      "geo": {
        "lat": "29.4572",
        "lng": "-164.2990"
      }
    },
    "phone": "493-170-9623 x156",
    "website": "kale.biz",
    "company": {
      "name": "Robel-Corkery",
      "catchPhrase": "Multi-tiered zero tolerance productivity",
      "bs": "transition cutting-edge web services"
    }
  },
  {
    "id": 5,
    "name": "Chelsey Dietrich",
    "username": "Kamren",
    "email": "Lucio_Hettinger@annie.ca",
    "address": {
      "street": "Skiles Walks",
      "suite": "Suite 351",
      "city": "Roscoeview",
      "zipcode": "33263",
      "geo": {
        "lat": "-31.8129",
        "lng": "62.5342"
      }
    },
    "phone": "(254)954-1289",
    "website": "demarco.info",
    "company": {
      "name": "Keebler LLC",
      "catchPhrase": "User-centric fault-tolerant solution",
      "bs": "revolutionize end-to-end systems"
    }
  },
  {
    "id": 6,
    "name": "Mrs. Dennis Schulist",
    "username": "Leopoldo_Corkery",
    "email": "Karley_Dach@jasper.info",
    "address": {
      "street": "Norberto Crossing",
      "suite": "Apt. 950",
      "city": "South Christy",
      "zipcode": "23505-1337",
      "geo": {
        "lat": "-71.4197",
        "lng": "71.7478"
      }
    },
    "phone": "1-477-935-8478 x6430",
    "website": "ola.org",
    "company": {
      "name": "Considine-Lockman",
      "catchPhrase": "Synchronised bottom-line interface",
      "bs": "e-enable innovative applications"
    }
  },
  {
    "id": 7,
    "name": "Kurtis Weissnat",
    "username": "Elwyn.Skiles",
    "email": "Telly.Hoeger@billy.biz",
    "address": {
      "street": "Rex Trail",
      "suite": "Suite 280",
      "city": "Howemouth",
      "zipcode": "58804-1099",
      "geo": {
        "lat": "24.8918",
        "lng": "21.8984"
      }
    },
    "phone": "210.067.6132",
    "website": "elvis.io",
    "company": {
      "name": "Johns Group",
      "catchPhrase": "Configurable multimedia task-force",
      "bs": "generate enterprise e-tailers"
    }
  },
  {
    "id": 8,
    "name": "Nicholas Runolfsdottir V",
    "username": "Maxime_Nienow",
    "email": "Sherwood@rosamond.me",
    "address": {
      "street": "Ellsworth Summit",
      "suite": "Suite 729",
      "city": "Aliyaview",
      "zipcode": "45169",
      "geo": {
        "lat": "-14.3990",
        "lng": "-120.7677"
      }
    },
    "phone": "586.493.6943 x140",
    "website": "jacynthe.com",
    "company": {
      "name": "Abernathy Group",
      "catchPhrase": "Implemented secondary concept",
      "bs": "e-enable extensible e-tailers"
    }
  },
  {
    "id": 9,
    "name": "Glenna Reichert",
    "username": "Delphine",
    "email": "Chaim_McDermott@dana.io",
    "address": {
      "street": "Dayna Park",
      "suite": "Suite 449",
      "city": "Bartholomebury",
      "zipcode": "76495-3109",
      "geo": {
        "lat": "24.6463",
        "lng": "-168.8889"
      }
    },
    "phone": "(775)976-6794 x41206",
    "website": "conrad.com",
    "company": {
      "name": "Yost and Sons",
      "catchPhrase": "Switchable contextually-based project",
      "bs": "aggregate real-time technologies"
    }
  },
  {
    "id": 10,
    "name": "Clementina DuBuque",
    "username": "Moriah.Stanton",
    "email": "Rey.Padberg@karina.biz",
    "address": {
      "street": "Kattie Turnpike",
      "suite": "Suite 198",
      "city": "Lebsackbury",
      "zipcode": "31428-2261",
      "geo": {
        "lat": "-38.2386",
        "lng": "57.2232"
      }
    },
    "phone": "024-648-3804",
    "website": "ambrose.net",
    "company": {
      "name": "Hoeger LLC",
      "catchPhrase": "Centralized empowering task-force",
      "bs": "target end-to-end models"
    }
  }
] 
 </msg>
<msg time="2026-02-03T10:13:59.251305" level="INFO">${response} = &lt;Response [200]&gt;</msg>
<var>${response}</var>
<arg>mysession</arg>
<arg>${users_endpoint}</arg>
<doc>Sends a GET request on a previously created HTTP Session.</doc>
<status status="PASS" start="2026-02-03T10:13:58.784555" elapsed="0.466827"/>
</kw>
<kw name="Log To Console" owner="BuiltIn">
<arg>Response: ${response}</arg>
<doc>Logs the given message to the console.</doc>
<status status="PASS" start="2026-02-03T10:13:59.251740" elapsed="0.001195"/>
</kw>
<kw name="Status Should Be" owner="RequestsLibrary">
<arg>${okay_status}</arg>
<arg>${response}</arg>
<doc>Fails if response status code is different than the expected.</doc>
<status status="PASS" start="2026-02-03T10:13:59.253411" elapsed="0.000676"/>
</kw>
<doc>This keywords gets all users from the site and verify the status code of the request</doc>
<status status="PASS" start="2026-02-03T10:13:58.784355" elapsed="0.469951"/>
</kw>
<kw name="Get User By Name" owner="api_testing_keywords">
<kw name="GET On Session" owner="RequestsLibrary">
<msg time="2026-02-03T10:13:59.971836" level="INFO">GET Request : url=https://jsonplaceholder.typicode.com/users?name=Glenna%20Reichert 
 path_url=/users?name=Glenna%20Reichert 
 headers={'User-Agent': 'python-requests/2.32.5', 'Accept-Encoding': 'gzip, deflate, zstd', 'Accept': '*/*', 'Connection': 'keep-alive'} 
 body=None 
 </msg>
<msg time="2026-02-03T10:13:59.972083" level="INFO">GET Response : url=https://jsonplaceholder.typicode.com/users?name=Glenna%20Reichert 
 status=200, reason=OK 
 headers={'Date': 'Tue, 03 Feb 2026 04:43:55 GMT', 'Content-Type': 'application/json; charset=utf-8', 'Transfer-Encoding': 'chunked', 'Connection': 'keep-alive', 'access-control-allow-credentials': 'true', 'Cache-Control': 'max-age=43200', 'etag': 'W/"23d-EKDCRFg7oh6G4KjjoWlynBpL2AY"', 'expires': '-1', 'nel': '{"report_to":"heroku-nel","response_headers":["Via"],"max_age":3600,"success_fraction":0.01,"failure_fraction":0.1}', 'pragma': 'no-cache', 'report-to': '{"group":"heroku-nel","endpoints":[{"url":"https://nel.heroku.com/reports?s=fIqH1LRpoZorB47XpDln31VWm1xQMuW7lMr1s%2BlOggU%3D\\u0026sid=e11707d5-02a7-43ef-b45e-2cf4d2036f7d\\u0026ts=1770093835"}],"max_age":3600}', 'reporting-endpoints': 'heroku-nel="https://nel.heroku.com/reports?s=fIqH1LRpoZorB47XpDln31VWm1xQMuW7lMr1s%2BlOggU%3D&amp;sid=e11707d5-02a7-43ef-b45e-2cf4d2036f7d&amp;ts=1770093835"', 'Server': 'cloudflare', 'vary': 'Origin, Accept-Encoding', 'via': '2.0 heroku-router', 'x-content-type-options': 'nosniff', 'x-powered-by': 'Express', 'x-ratelimit-limit': '1000', 'x-ratelimit-remaining': '999', 'x-ratelimit-reset': '1770093890', 'cf-cache-status': 'MISS', 'Content-Encoding': 'zstd', 'CF-RAY': '9c7f4526c94bfdfd-SIN', 'alt-svc': 'h3=":443"; ma=86400'} 
 body=[
  {
    "id": 9,
    "name": "Glenna Reichert",
    "username": "Delphine",
    "email": "Chaim_McDermott@dana.io",
    "address": {
      "street": "Dayna Park",
      "suite": "Suite 449",
      "city": "Bartholomebury",
      "zipcode": "76495-3109",
      "geo": {
        "lat": "24.6463",
        "lng": "-168.8889"
      }
    },
    "phone": "(775)976-6794 x41206",
    "website": "conrad.com",
    "company": {
      "name": "Yost and Sons",
      "catchPhrase": "Switchable contextually-based project",
      "bs": "aggregate real-time technologies"
    }
  }
] 
 </msg>
<msg time="2026-02-03T10:13:59.972383" level="INFO">${response} = &lt;Response [200]&gt;</msg>
<var>${response}</var>
<arg>mysession</arg>
<arg>${users_endpoint}</arg>
<arg>params=name=${name}</arg>
<doc>Sends a GET request on a previously created HTTP Session.</doc>
<status status="PASS" start="2026-02-03T10:13:59.255816" elapsed="0.716638"/>
</kw>
<kw name="Log To Console" owner="BuiltIn">
<arg>${response.text}</arg>
<doc>Logs the given message to the console.</doc>
<status status="PASS" start="2026-02-03T10:13:59.972785" elapsed="0.002177"/>
</kw>
<arg>${name}</arg>
<doc>This keyword return a user with specified name</doc>
<status status="PASS" start="2026-02-03T10:13:59.255147" elapsed="0.720142"/>
</kw>
<kw name="Get First N Posts" owner="api_testing_keywords">
<kw name="GET On Session" owner="RequestsLibrary">
<msg time="2026-02-03T10:14:00.753210" level="INFO">GET Request : url=https://jsonplaceholder.typicode.com/posts?limit=1 
 path_url=/posts?limit=1 
 headers={'User-Agent': 'python-requests/2.32.5', 'Accept-Encoding': 'gzip, deflate, zstd', 'Accept': '*/*', 'Connection': 'keep-alive'} 
 body=None 
 </msg>
<msg time="2026-02-03T10:14:00.753463" level="INFO">GET Response : url=https://jsonplaceholder.typicode.com/posts?limit=1 
 status=200, reason=OK 
 headers={'Date': 'Tue, 03 Feb 2026 04:43:56 GMT', 'Content-Type': 'application/json; charset=utf-8', 'Transfer-Encoding': 'chunked', 'Connection': 'keep-alive', 'access-control-allow-credentials': 'true', 'Cache-Control': 'max-age=43200', 'Content-Encoding': 'gzip', 'etag': 'W/"6b80-Ybsq/K6GwwqrYkAsFxqDXGC7DoM"', 'expires': '-1', 'nel': '{"report_to":"heroku-nel","response_headers":["Via"],"max_age":3600,"success_fraction":0.01,"failure_fraction":0.1}', 'pragma': 'no-cache', 'report-to': '{"group":"heroku-nel","endpoints":[{"url":"https://nel.heroku.com/reports?s=iKDPDN5MClwjnQ%2BlRDNIGHbC1csLgm%2FqLVMIgzPdXPQ%3D\\u0026sid=e11707d5-02a7-43ef-b45e-2cf4d2036f7d\\u0026ts=1770015301"}],"max_age":3600}', 'reporting-endpoints': 'heroku-nel="https://nel.heroku.com/reports?s=iKDPDN5MClwjnQ%2BlRDNIGHbC1csLgm%2FqLVMIgzPdXPQ%3D&amp;sid=e11707d5-02a7-43ef-b45e-2cf4d2036f7d&amp;ts=1770015301"', 'Server': 'cloudflare', 'vary': 'Origin, Accept-Encoding', 'via': '2.0 heroku-router', 'x-content-type-options': 'nosniff', 'x-powered-by': 'Express', 'x-ratelimit-limit': '1000', 'x-ratelimit-remaining': '999', 'x-ratelimit-reset': '1770015362', 'cf-cache-status': 'REVALIDATED', 'CF-RAY': '9c7f452b4952fdfd-SIN', 'alt-svc': 'h3=":443"; ma=86400'} 
 body=[
  {
    "userId": 1,
    "id": 1,
    "title": "sunt aut facere repellat provident occaecati excepturi optio reprehenderit",
    "body": "quia et suscipit\nsuscipit recusandae consequuntur expedita et cum\nreprehenderit molestiae ut ut quas totam\nnostrum rerum est autem sunt rem eveniet architecto"
  },
  {
    "userId": 1,
    "id": 2,
    "title": "qui est esse",
    "body": "est rerum tempore vitae\nsequi sint nihil reprehenderit dolor beatae ea dolores neque\nfugiat blanditiis voluptate porro vel nihil molestiae ut reiciendis\nqui aperiam non debitis possimus qui neque nisi nulla"
  },
  {
    "userId": 1,
    "id": 3,
    "title": "ea molestias quasi exercitationem repellat qui ipsa sit aut",
    "body": "et iusto sed quo iure\nvoluptatem occaecati omnis eligendi aut ad\nvoluptatem doloribus vel accusantium quis pariatur\nmolestiae porro eius odio et labore et velit aut"
  },
  {
    "userId": 1,
    "id": 4,
    "title": "eum et est occaecati",
    "body": "ullam et saepe reiciendis voluptatem adipisci\nsit amet autem assumenda provident rerum culpa\nquis hic commodi nesciunt rem tenetur doloremque ipsam iure\nquis sunt voluptatem rerum illo velit"
  },
  {
    "userId": 1,
    "id": 5,
    "title": "nesciunt quas odio",
    "body": "repudiandae veniam quaerat sunt sed\nalias aut fugiat sit autem sed est\nvoluptatem omnis possimus esse voluptatibus quis\nest aut tenetur dolor neque"
  },
  {
    "userId": 1,
    "id": 6,
    "title": "dolorem eum magni eos aperiam quia",
    "body": "ut aspernatur corporis harum nihil quis provident sequi\nmollitia nobis aliquid molestiae\nperspiciatis et ea nemo ab reprehenderit accusantium quas\nvoluptate dolores velit et doloremque molestiae"
  },
  {
    "userId": 1,
    "id": 7,
    "title": "magnam facilis autem",
    "body": "dolore placeat quibusdam ea quo vitae\nmagni quis enim qui quis quo nemo aut saepe\nquidem repellat excepturi ut quia\nsunt ut sequi eos ea sed quas"
  },
  {
    "userId": 1,
    "id": 8,
    "title": "dolorem dolore est ipsam",
    "body": "dignissimos aperiam dolorem qui eum\nfacilis quibusdam animi sint suscipit qui sint possimus cum\nquaerat magni maiores excepturi\nipsam ut commodi dolor voluptatum modi aut vitae"
  },
  {
    "userId": 1,
    "id": 9,
    "title": "nesciunt iure omnis dolorem tempora et accusantium",
    "body": "consectetur animi nesciunt iure dolore\nenim quia ad\nveniam autem ut quam aut nobis\net est aut quod aut provident voluptas autem voluptas"
  },
  {
    "userId": 1,
    "id": 10,
    "title": "optio molestias id quia eum",
    "body": "quo et expedita modi cum officia vel magni\ndoloribus qui repudiandae\nvero nisi sit\nquos veniam quod sed accusamus veritatis error"
  },
  {
    "userId": 2,
    "id": 11,
    "title": "et ea vero quia laudantium autem",
    "body": "delectus reiciendis molestiae occaecati non minima eveniet qui voluptatibus\naccusamus in eum beatae sit\nvel qui neque voluptates ut commodi qui incidunt\nut animi commodi"
  },
  {
    "userId": 2,
    "id": 12,
    "title": "in quibusdam tempore odit est dolorem",
    "body": "itaque id aut magnam\npraesentium quia et ea odit et ea voluptas et\nsapiente quia nihil amet occaecati quia id voluptatem\nincidunt ea est distinctio odio"
  },
  {
    "userId": 2,
    "id": 13,
    "title": "dolorum ut in voluptas mollitia et saepe quo animi",
    "body": "aut dicta possimus sint mollitia voluptas commodi quo doloremque\niste corrupti reiciendis voluptatem eius rerum\nsit cumque quod eligendi laborum minima\nperferendis recusandae assumenda consectetur porro architecto ipsum ipsam"
  },
  {
    "userId": 2,
    "id": 14,
    "title": "voluptatem eligendi optio",
    "body": "fuga et accusamus dolorum perferendis illo voluptas\nnon doloremque neque facere\nad qui dolorum molestiae beatae\nsed aut voluptas totam sit illum"
  },
  {
    "userId": 2,
    "id": 15,
    "title": "eveniet quod temporibus",
    "body": "reprehenderit quos placeat\nvelit minima officia dolores impedit repudiandae molestiae nam\nvoluptas recusandae quis delectus\nofficiis harum fugiat vitae"
  },
  {
    "userId": 2,
    "id": 16,
    "title": "sint suscipit perspiciatis velit dolorum rerum ipsa laboriosam odio",
    "body": "suscipit nam nisi quo aperiam aut\nasperiores eos fugit maiores voluptatibus quia\nvoluptatem quis ullam qui in alias quia est\nconsequatur magni mollitia accusamus ea nisi voluptate dicta"
  },
  {
    "userId": 2,
    "id": 17,
    "title": "fugit voluptas sed molestias voluptatem provident",
    "body": "eos voluptas et aut odit natus earum\naspernatur fuga molestiae ullam\ndeserunt ratione qui eos\nqui nihil ratione nemo velit ut aut id quo"
  },
  {
    "userId": 2,
    "id": 18,
    "title": "voluptate et itaque vero tempora molestiae",
    "body": "eveniet quo quis\nlaborum totam consequatur non dolor\nut et est repudiandae\nest voluptatem vel debitis et magnam"
  },
  {
    "userId": 2,
    "id": 19,
    "title": "adipisci placeat illum aut reiciendis qui",
    "body": "illum quis cupiditate provident sit magnam\nea sed aut omnis\nveniam maiores ullam consequatur atque\nadipisci quo iste expedita sit quos voluptas"
  },
  {
    "userId": 2,
    "id": 20,
    "title": "doloribus ad provident suscipit at",
    "body": "qui consequuntur ducimus possimus quisquam amet similique\nsuscipit porro ipsam amet\neos veritatis officiis exercitationem vel fugit aut necessitatibus totam\nomnis rerum consequatur expedita quidem cumque explicabo"
  },
  {
    "userId": 3,
    "id": 21,
    "title": "asperiores ea ipsam voluptatibus modi minima quia sint",
    "body": "repellat aliquid praesentium dolorem quo\nsed totam minus non itaque\nnihil labore molestiae sunt dolor eveniet hic recusandae veniam\ntempora et tenetur expedita sunt"
  },
  {
    "userId": 3,
    "id": 22,
    "title": "dolor sint quo a velit explicabo quia nam",
    "body": "eos qui et ipsum ipsam suscipit aut\nsed omnis non odio\nexpedita earum mollitia molestiae aut atque rem suscipit\nnam impedit esse"
  },
  {
    "userId": 3,
    "id": 23,
    "title": "maxime id vitae nihil numquam",
    "body": "veritatis unde neque eligendi\nquae quod architecto quo neque vitae\nest illo sit tempora doloremque fugit quod\net et vel beatae sequi ullam sed tenetur perspiciatis"
  },
  {
    "userId": 3,
    "id": 24,
    "title": "autem hic labore sunt dolores incidunt",
    "body": "enim et ex nulla\nomnis voluptas quia qui\nvoluptatem consequatur numquam aliquam sunt\ntotam recusandae id dignissimos aut sed asperiores deserunt"
  },
  {
    "userId": 3,
    "id": 25,
    "title": "rem alias distinctio quo quis",
    "body": "ullam consequatur ut\nomnis quis sit vel consequuntur\nipsa eligendi ipsum molestiae et omnis error nostrum\nmolestiae illo tempore quia et distinctio"
  },
  {
    "userId": 3,
    "id": 26,
    "title": "est et quae odit qui non",
    "body": "similique esse doloribus nihil accusamus\nomnis dolorem fuga consequuntur reprehenderit fugit recusandae temporibus\nperspiciatis cum ut laudantium\nomnis aut molestiae vel vero"
  },
  {
    "userId": 3,
    "id": 27,
    "title": "quasi id et eos tenetur aut quo autem",
    "body": "eum sed dolores ipsam sint possimus debitis occaecati\ndebitis qui qui et\nut placeat enim earum aut odit facilis\nconsequatur suscipit necessitatibus rerum sed inventore temporibus consequatur"
  },
  {
    "userId": 3,
    "id": 28,
    "title": "delectus ullam et corporis nulla voluptas sequi",
    "body": "non et quaerat ex quae ad maiores\nmaiores recusandae totam aut blanditiis mollitia quas illo\nut voluptatibus voluptatem\nsimilique nostrum eum"
  },
  {
    "userId": 3,
    "id": 29,
    "title": "iusto eius quod necessitatibus culpa ea",
    "body": "odit magnam ut saepe sed non qui\ntempora atque nihil\naccusamus illum doloribus illo dolor\neligendi repudiandae odit magni similique sed cum maiores"
  },
  {
    "userId": 3,
    "id": 30,
    "title": "a quo magni similique perferendis",
    "body": "alias dolor cumque\nimpedit blanditiis non eveniet odio maxime\nblanditiis amet eius quis tempora quia autem rem\na provident perspiciatis quia"
  },
  {
    "userId": 4,
    "id": 31,
    "title": "ullam ut quidem id aut vel consequuntur",
    "body": "debitis eius sed quibusdam non quis consectetur vitae\nimpedit ut qui consequatur sed aut in\nquidem sit nostrum et maiores adipisci atque\nquaerat voluptatem adipisci repudiandae"
  },
  {
    "userId": 4,
    "id": 32,
    "title": "doloremque illum aliquid sunt",
    "body": "deserunt eos nobis asperiores et hic\nest debitis repellat molestiae optio\nnihil ratione ut eos beatae quibusdam distinctio maiores\nearum voluptates et aut adipisci ea maiores voluptas maxime"
  },
  {
    "userId": 4,
    "id": 33,
    "title": "qui explicabo molestiae dolorem",
    "body": "rerum ut et numquam laborum odit est sit\nid qui sint in\nquasi tenetur tempore aperiam et quaerat qui in\nrerum officiis sequi cumque quod"
  },
  {
    "userId": 4,
    "id": 34,
    "title": "magnam ut rerum iure",
    "body": "ea velit perferendis earum ut voluptatem voluptate itaque iusto\ntotam pariatur in\nnemo voluptatem voluptatem autem magni tempora minima in\nest distinctio qui assumenda accusamus dignissimos officia nesciunt nobis"
  },
  {
    "userId": 4,
    "id": 35,
    "title": "id nihil consequatur molestias animi provident",
    "body": "nisi error delectus possimus ut eligendi vitae\nplaceat eos harum cupiditate facilis reprehenderit voluptatem beatae\nmodi ducimus quo illum voluptas eligendi\net nobis quia fugit"
  },
  {
    "userId": 4,
    "id": 36,
    "title": "fuga nam accusamus voluptas reiciendis itaque",
    "body": "ad mollitia et omnis minus architecto odit\nvoluptas doloremque maxime aut non ipsa qui alias veniam\nblanditiis culpa aut quia nihil cumque facere et occaecati\nqui aspernatur quia eaque ut aperiam inventore"
  },
  {
    "userId": 4,
    "id": 37,
    "title": "provident vel ut sit ratione est... (set the log level to DEBUG or TRACE to see the full content) 
 </msg>
<msg time="2026-02-03T10:14:00.754022" level="INFO">${response} = &lt;Response [200]&gt;</msg>
<var>${response}</var>
<arg>mysession</arg>
<arg>${posts_endpoint}</arg>
<arg>params=limit=${number_of_posts}</arg>
<doc>Sends a GET request on a previously created HTTP Session.</doc>
<status status="PASS" start="2026-02-03T10:13:59.977431" elapsed="0.776665"/>
</kw>
<kw name="Run Keyword And Return Status" owner="BuiltIn">
<kw name="Status Should Be" owner="RequestsLibrary">
<arg>${okay_status}</arg>
<arg>${response}</arg>
<doc>Fails if response status code is different than the expected.</doc>
<status status="PASS" start="2026-02-03T10:14:00.755323" elapsed="0.000468"/>
</kw>
<msg time="2026-02-03T10:14:00.756029" level="INFO">${flag} = True</msg>
<var>${flag}</var>
<arg>Status Should Be</arg>
<arg>${okay_status}</arg>
<arg>${response}</arg>
<doc>Runs the specified keyword and returns the status as a Boolean value.</doc>
<status status="PASS" start="2026-02-03T10:14:00.754474" elapsed="0.001619"/>
</kw>
<if>
<branch type="IF" condition="${flag}">
<kw name="Log To Console" owner="BuiltIn">
<arg>${response.json()}</arg>
<doc>Logs the given message to the console.</doc>
<status status="PASS" start="2026-02-03T10:14:00.756731" elapsed="0.017801"/>
</kw>
<status status="PASS" start="2026-02-03T10:14:00.756377" elapsed="0.018323"/>
</branch>
<branch type="ELSE">
<kw name="Log To Console" owner="BuiltIn">
<arg>No Posts Found!</arg>
<doc>Logs the given message to the console.</doc>
<status status="NOT RUN" start="2026-02-03T10:14:00.775074" elapsed="0.000054"/>
</kw>
<status status="NOT RUN" start="2026-02-03T10:14:00.774811" elapsed="0.000390"/>
</branch>
<status status="PASS" start="2026-02-03T10:14:00.756305" elapsed="0.018960"/>
</if>
<arg>${number_of_posts}</arg>
<doc>This keyword returns first N posts</doc>
<status status="PASS" start="2026-02-03T10:13:59.976431" elapsed="0.798960"/>
</kw>
<kw name="Do A Post Request For Create User" owner="api_testing_keywords">
<kw name="Create Dictionary" owner="BuiltIn">
<msg time="2026-02-03T10:14:00.777040" level="INFO">&amp;{header} = { Cache-Control=no-cache }</msg>
<var>&amp;{header}</var>
<arg>Cache-Control=no-cache</arg>
<doc>Creates and returns a dictionary based on the given ``items``.</doc>
<status status="PASS" start="2026-02-03T10:14:00.776514" elapsed="0.000577"/>
</kw>
<kw name="POST On Session" owner="RequestsLibrary">
<msg time="2026-02-03T10:14:01.572538" level="INFO">POST Request : url=https://jsonplaceholder.typicode.com/users 
 path_url=/users 
 headers={'User-Agent': 'python-requests/2.32.5', 'Accept-Encoding': 'gzip, deflate, zstd', 'Accept': '*/*', 'Connection': 'keep-alive', 'Cache-Control': 'no-cache', 'Content-Length': '88', 'Content-Type': 'application/json'} 
 body=b'{"id": "12", "name": "Test User1", "username": "TestU1", "email": "testuser1@gmail.com"}' 
 </msg>
<msg time="2026-02-03T10:14:01.572764" level="INFO">POST Response : url=https://jsonplaceholder.typicode.com/users 
 status=201, reason=Created 
 headers={'Date': 'Tue, 03 Feb 2026 04:43:57 GMT', 'Content-Type': 'application/json; charset=utf-8', 'Content-Length': '96', 'Connection': 'keep-alive', 'access-control-allow-credentials': 'true', 'access-control-expose-headers': 'Location', 'Cache-Control': 'no-cache', 'etag': 'W/"60-UIS1YxBThJXPGVg3B9mtluBYHJA"', 'expires': '-1', 'location': 'https://jsonplaceholder.typicode.com/users/11', 'nel': '{"report_to":"heroku-nel","response_headers":["Via"],"max_age":3600,"success_fraction":0.01,"failure_fraction":0.1}', 'pragma': 'no-cache', 'report-to': '{"group":"heroku-nel","endpoints":[{"url":"https://nel.heroku.com/reports?s=cUhr%2FDmoHnaF%2FSc0LJwNKDsKB1fnWhkGpH1g5Kl5wCg%3D\\u0026sid=e11707d5-02a7-43ef-b45e-2cf4d2036f7d\\u0026ts=1770093837"}],"max_age":3600}', 'reporting-endpoints': 'heroku-nel="https://nel.heroku.com/reports?s=cUhr%2FDmoHnaF%2FSc0LJwNKDsKB1fnWhkGpH1g5Kl5wCg%3D&amp;sid=e11707d5-02a7-43ef-b45e-2cf4d2036f7d&amp;ts=1770093837"', 'Server': 'cloudflare', 'vary': 'Origin, X-HTTP-Method-Override, Accept-Encoding', 'via': '2.0 heroku-router', 'x-content-type-options': 'nosniff', 'x-powered-by': 'Express', 'x-ratelimit-limit': '1000', 'x-ratelimit-remaining': '997', 'x-ratelimit-reset': '1770093890', 'cf-cache-status': 'DYNAMIC', 'CF-RAY': '9c7f45304a33fdfd-SIN', 'alt-svc': 'h3=":443"; ma=86400'} 
 body={
  "id": 11,
  "name": "Test User1",
  "username": "TestU1",
  "email": "testuser1@gmail.com"
} 
 </msg>
<msg time="2026-02-03T10:14:01.573043" level="INFO">${response} = &lt;Response [201]&gt;</msg>
<var>${response}</var>
<arg>mysession</arg>
<arg>${users_endpoint}</arg>
<arg>json=${body}</arg>
<arg>headers=${header}</arg>
<doc>Sends a POST request on a previously created HTTP Session.</doc>
<status status="PASS" start="2026-02-03T10:14:00.777283" elapsed="0.795856"/>
</kw>
<kw name="Status Should Be" owner="RequestsLibrary">
<arg>${create_status}</arg>
<arg>${response}</arg>
<doc>Fails if response status code is different than the expected.</doc>
<status status="PASS" start="2026-02-03T10:14:01.573523" elapsed="0.000472"/>
</kw>
<kw name="Should Be Equal As Strings" owner="BuiltIn">
<arg>${response.json()['name']}</arg>
<arg>${body['name']}</arg>
<doc>Fails if objects are unequal after converting them to strings.</doc>
<status status="PASS" start="2026-02-03T10:14:01.574243" elapsed="0.002195"/>
</kw>
<kw name="Should Be Equal As Strings" owner="BuiltIn">
<arg>${response.json()['username']}</arg>
<arg>${body['username']}</arg>
<doc>Fails if objects are unequal after converting them to strings.</doc>
<status status="PASS" start="2026-02-03T10:14:01.576725" elapsed="0.001994"/>
</kw>
<kw name="Should Be Equal As Strings" owner="BuiltIn">
<arg>${response.json()['email']}</arg>
<arg>${body['email']}</arg>
<doc>Fails if objects are unequal after converting them to strings.</doc>
<status status="PASS" start="2026-02-03T10:14:01.578997" elapsed="0.001962"/>
</kw>
<arg>${body}</arg>
<doc>This is used to do a post request for users and verify status code, body and content type</doc>
<status status="PASS" start="2026-02-03T10:14:00.775994" elapsed="0.805172"/>
</kw>
<kw name="Update Username And Verify Status Code" owner="api_testing_keywords">
<kw name="Set Variable" owner="BuiltIn">
<msg time="2026-02-03T10:14:01.584147" level="INFO">${body['username']} = Updated Username</msg>
<var>${body['username']}</var>
<arg>Updated Username</arg>
<doc>Returns the given values which can then be assigned to a variables.</doc>
<status status="PASS" start="2026-02-03T10:14:01.583423" elapsed="0.000810"/>
</kw>
<kw name="PUT On Session" owner="RequestsLibrary">
<msg time="2026-02-03T10:14:02.299914" level="INFO">PUT Request : url=https://jsonplaceholder.typicode.com/users/9 
 path_url=/users/9 
 headers={'User-Agent': 'python-requests/2.32.5', 'Accept-Encoding': 'gzip, deflate, zstd', 'Accept': '*/*', 'Connection': 'keep-alive', 'Content-Length': '98', 'Content-Type': 'application/json'} 
 body=b'{"id": "9", "name": "Glenna Reichert", "username": "Delphine", "email": "Chaim_McDermott@dana.io"}' 
 </msg>
<msg time="2026-02-03T10:14:02.300149" level="INFO">PUT Response : url=https://jsonplaceholder.typicode.com/users/9 
 status=200, reason=OK 
 headers={'Date': 'Tue, 03 Feb 2026 04:43:58 GMT', 'Content-Type': 'application/json; charset=utf-8', 'Transfer-Encoding': 'chunked', 'Connection': 'keep-alive', 'access-control-allow-credentials': 'true', 'Cache-Control': 'no-cache', 'etag': 'W/"6a-jRqHiTqsYzUAKC0B/tGalShp/2Q"', 'expires': '-1', 'nel': '{"report_to":"heroku-nel","response_headers":["Via"],"max_age":3600,"success_fraction":0.01,"failure_fraction":0.1}', 'pragma': 'no-cache', 'report-to': '{"group":"heroku-nel","endpoints":[{"url":"https://nel.heroku.com/reports?s=znI4nJVELj%2FdWsbf9zPl7uYqs0sqRDsCVMZtcMlemBk%3D\\u0026sid=e11707d5-02a7-43ef-b45e-2cf4d2036f7d\\u0026ts=1770093838"}],"max_age":3600}', 'reporting-endpoints': 'heroku-nel="https://nel.heroku.com/reports?s=znI4nJVELj%2FdWsbf9zPl7uYqs0sqRDsCVMZtcMlemBk%3D&amp;sid=e11707d5-02a7-43ef-b45e-2cf4d2036f7d&amp;ts=1770093838"', 'Server': 'cloudflare', 'vary': 'Origin, Accept-Encoding', 'via': '2.0 heroku-router', 'x-content-type-options': 'nosniff', 'x-powered-by': 'Express', 'x-ratelimit-limit': '1000', 'x-ratelimit-remaining': '996', 'x-ratelimit-reset': '1770093890', 'cf-cache-status': 'DYNAMIC', 'Content-Encoding': 'zstd', 'CF-RAY': '9c7f45355ca1fdfd-SIN', 'alt-svc': 'h3=":443"; ma=86400'} 
 body={
  "id": 9,
  "name": "Glenna Reichert",
  "username": "Delphine",
  "email": "Chaim_McDermott@dana.io"
} 
 </msg>
<msg time="2026-02-03T10:14:02.300526" level="INFO">${response} = &lt;Response [200]&gt;</msg>
<var>${response}</var>
<arg>mysession</arg>
<arg>${users_endpoint}/9</arg>
<arg>json=${body}</arg>
<doc>Sends a PUT request on a previously created HTTP Session.</doc>
<status status="PASS" start="2026-02-03T10:14:01.584574" elapsed="0.716025"/>
</kw>
<kw name="Status Should Be" owner="RequestsLibrary">
<arg>${okay_status}</arg>
<arg>${response}</arg>
<doc>Fails if response status code is different than the expected.</doc>
<status status="PASS" start="2026-02-03T10:14:02.300943" elapsed="0.000501"/>
</kw>
<arg>${existing_user_body}</arg>
<doc>This is used to update a field of user</doc>
<status status="PASS" start="2026-02-03T10:14:01.582336" elapsed="0.719283"/>
</kw>
<kw name="Delete User By Id" owner="api_testing_keywords">
<kw name="DELETE On Session" owner="RequestsLibrary">
<msg time="2026-02-03T10:14:02.583498" level="INFO">DELETE Request : url=https://jsonplaceholder.typicode.com/users/9 
 path_url=/users/9 
 headers={'User-Agent': 'python-requests/2.32.5', 'Accept-Encoding': 'gzip, deflate, zstd', 'Accept': '*/*', 'Connection': 'keep-alive', 'Content-Length': '0'} 
 body=None 
 </msg>
<msg time="2026-02-03T10:14:02.583593" level="INFO">DELETE Response : url=https://jsonplaceholder.typicode.com/users/9 
 status=200, reason=OK 
 headers={'Date': 'Tue, 03 Feb 2026 04:43:58 GMT', 'Content-Type': 'application/json; charset=utf-8', 'Transfer-Encoding': 'chunked', 'Connection': 'keep-alive', 'access-control-allow-credentials': 'true', 'Cache-Control': 'no-cache', 'etag': 'W/"2-vyGp6PvFo4RvsFtPoIWeCReyIC8"', 'expires': '-1', 'nel': '{"report_to":"heroku-nel","response_headers":["Via"],"max_age":3600,"success_fraction":0.01,"failure_fraction":0.1}', 'pragma': 'no-cache', 'report-to': '{"group":"heroku-nel","endpoints":[{"url":"https://nel.heroku.com/reports?s=znI4nJVELj%2FdWsbf9zPl7uYqs0sqRDsCVMZtcMlemBk%3D\\u0026sid=e11707d5-02a7-43ef-b45e-2cf4d2036f7d\\u0026ts=1770093838"}],"max_age":3600}', 'reporting-endpoints': 'heroku-nel="https://nel.heroku.com/reports?s=znI4nJVELj%2FdWsbf9zPl7uYqs0sqRDsCVMZtcMlemBk%3D&amp;sid=e11707d5-02a7-43ef-b45e-2cf4d2036f7d&amp;ts=1770093838"', 'Server': 'cloudflare', 'vary': 'Origin, Accept-Encoding', 'via': '2.0 heroku-router', 'x-content-type-options': 'nosniff', 'x-powered-by': 'Express', 'x-ratelimit-limit': '1000', 'x-ratelimit-remaining': '995', 'x-ratelimit-reset': '1770093890', 'cf-cache-status': 'DYNAMIC', 'Content-Encoding': 'zstd', 'CF-RAY': '9c7f4539de08fdfd-SIN', 'alt-svc': 'h3=":443"; ma=86400'} 
 body={} 
 </msg>
<msg time="2026-02-03T10:14:02.583706" level="INFO">${response} = &lt;Response [200]&gt;</msg>
<var>${response}</var>
<arg>mysession</arg>
<arg>${users_endpoint}/${id}</arg>
<doc>Sends a DELETE request on a previously created HTTP Session.</doc>
<status status="PASS" start="2026-02-03T10:14:02.303194" elapsed="0.280537"/>
</kw>
<kw name="Status Should Be" owner="RequestsLibrary">
<arg>${okay_status}</arg>
<arg>${response}</arg>
<doc>Fails if response status code is different than the expected.</doc>
<status status="PASS" start="2026-02-03T10:14:02.583869" elapsed="0.000193"/>
</kw>
<arg>${id}</arg>
<doc>This keyword deletes the user with particular id</doc>
<status status="PASS" start="2026-02-03T10:14:02.302502" elapsed="0.281624"/>
</kw>
<kw name="Partially Update Username And Verify Status Code" owner="api_testing_keywords">
<kw name="Create Dictionary" owner="BuiltIn">
<msg time="2026-02-03T10:14:02.585406" level="INFO">&amp;{updates} = { username=Updated username }</msg>
<var>&amp;{updates}</var>
<arg>username=Updated username</arg>
<doc>Creates and returns a dictionary based on the given ``items``.</doc>
<status status="PASS" start="2026-02-03T10:14:02.585144" elapsed="0.000286"/>
</kw>
<kw name="PATCH On Session" owner="RequestsLibrary">
<msg time="2026-02-03T10:14:02.918204" level="INFO">PATCH Request : url=https://jsonplaceholder.typicode.com/users/9 
 path_url=/users/9 
 headers={'User-Agent': 'python-requests/2.32.5', 'Accept-Encoding': 'gzip, deflate, zstd', 'Accept': '*/*', 'Connection': 'keep-alive', 'Content-Length': '32', 'Content-Type': 'application/json'} 
 body=b'{"username": "Updated username"}' 
 </msg>
<msg time="2026-02-03T10:14:02.918391" level="INFO">PATCH Response : url=https://jsonplaceholder.typicode.com/users/9 
 status=200, reason=OK 
 headers={'Date': 'Tue, 03 Feb 2026 04:43:58 GMT', 'Content-Type': 'application/json; charset=utf-8', 'Transfer-Encoding': 'chunked', 'Connection': 'keep-alive', 'access-control-allow-credentials': 'true', 'Cache-Control': 'no-cache', 'etag': 'W/"213-dynUDI+sfppCtDzXwQ85HhFiZz0"', 'expires': '-1', 'nel': '{"report_to":"heroku-nel","response_headers":["Via"],"max_age":3600,"success_fraction":0.01,"failure_fraction":0.1}', 'pragma': 'no-cache', 'report-to': '{"group":"heroku-nel","endpoints":[{"url":"https://nel.heroku.com/reports?s=znI4nJVELj%2FdWsbf9zPl7uYqs0sqRDsCVMZtcMlemBk%3D\\u0026sid=e11707d5-02a7-43ef-b45e-2cf4d2036f7d\\u0026ts=1770093838"}],"max_age":3600}', 'reporting-endpoints': 'heroku-nel="https://nel.heroku.com/reports?s=znI4nJVELj%2FdWsbf9zPl7uYqs0sqRDsCVMZtcMlemBk%3D&amp;sid=e11707d5-02a7-43ef-b45e-2cf4d2036f7d&amp;ts=1770093838"', 'Server': 'cloudflare', 'vary': 'Origin, Accept-Encoding', 'via': '2.0 heroku-router', 'x-content-type-options': 'nosniff', 'x-powered-by': 'Express', 'x-ratelimit-limit': '1000', 'x-ratelimit-remaining': '994', 'x-ratelimit-reset': '1770093890', 'cf-cache-status': 'DYNAMIC', 'Content-Encoding': 'zstd', 'CF-RAY': '9c7f453b9c2afdfd-SIN', 'alt-svc': 'h3=":443"; ma=86400'} 
 body={
  "id": 9,
  "name": "Glenna Reichert",
  "username": "Updated username",
  "email": "Chaim_McDermott@dana.io",
  "address": {
    "street": "Dayna Park",
    "suite": "Suite 449",
    "city": "Bartholomebury",
    "zipcode": "76495-3109",
    "geo": {
      "lat": "24.6463",
      "lng": "-168.8889"
    }
  },
  "phone": "(775)976-6794 x41206",
  "website": "conrad.com",
  "company": {
    "name": "Yost and Sons",
    "catchPhrase": "Switchable contextually-based project",
    "bs": "aggregate real-time technologies"
  }
} 
 </msg>
<msg time="2026-02-03T10:14:02.918666" level="INFO">${response} = &lt;Response [200]&gt;</msg>
<var>${response}</var>
<arg>mysession</arg>
<arg>${users_endpoint}/9</arg>
<arg>json=${updates}</arg>
<doc>Sends a PATCH request on a previously created HTTP Session.</doc>
<status status="PASS" start="2026-02-03T10:14:02.585512" elapsed="0.333207"/>
</kw>
<kw name="Status Should Be" owner="RequestsLibrary">
<arg>${okay_status}</arg>
<arg>${response}</arg>
<doc>Fails if response status code is different than the expected.</doc>
<status status="PASS" start="2026-02-03T10:14:02.918984" elapsed="0.000346"/>
</kw>
<doc>This is used to update a field of user</doc>
<status status="PASS" start="2026-02-03T10:14:02.584935" elapsed="0.334536"/>
</kw>
<status status="PASS" start="2026-02-03T10:13:58.780285" elapsed="4.139479"/>
</test>
<status status="PASS" start="2026-02-03T10:13:58.344740" elapsed="4.575861"/>
</suite>
<statistics>
<total>
<stat pass="1" fail="0" skip="0">All Tests</stat>
</total>
<tag>
</tag>
<suite>
<stat name="Api Testcases" id="s1" pass="1" fail="0" skip="0">Api Testcases</stat>
</suite>
</statistics>
<errors>
<msg time="2026-02-03T10:13:58.771051" level="ERROR">Error in file 'C:\Users\Kirti.Deng\Desktop\RobotFramework_Practice\API Testing\TestCases\api_testcases.robot' on line 5: Importing library 'JSONLibrary' failed: ModuleNotFoundError: No module named 'JSONLibrary'
Traceback (most recent call last):
  None
PYTHONPATH:
  C:\Users\Kirti.Deng\Desktop\RobotFramework_Practice\virtual_env\Scripts\robot.exe
  C:\Program Files\Python314\python314.zip
  C:\Program Files\Python314\DLLs
  C:\Program Files\Python314\Lib
  C:\Program Files\Python314
  C:\Users\Kirti.Deng\Desktop\RobotFramework_Practice\virtual_env
  C:\Users\Kirti.Deng\Desktop\RobotFramework_Practice\virtual_env\Lib\site-packages</msg>
</errors>
</robot>
